Analysis & Synthesis report for nios_assembly
Mon Sep 08 11:02:28 2025
Quartus Prime Version 18.1.0 Build 625 09/12/2018 SJ Lite Edition


---------------------
; Table of Contents ;
---------------------
  1. Legal Notice
  2. Analysis & Synthesis Summary
  3. Analysis & Synthesis Settings
  4. Parallel Compilation
  5. Analysis & Synthesis Messages
  6. Analysis & Synthesis Suppressed Messages



----------------
; Legal Notice ;
----------------
Copyright (C) 2018  Intel Corporation. All rights reserved.
Your use of Intel Corporation's design tools, logic functions 
and other software and tools, and its AMPP partner logic 
functions, and any output files from any of the foregoing 
(including device programming or simulation files), and any 
associated documentation or information are expressly subject 
to the terms and conditions of the Intel Program License 
Subscription Agreement, the Intel Quartus Prime License Agreement,
the Intel FPGA IP License Agreement, or other applicable license
agreement, including, without limitation, that your use is for
the sole purpose of programming logic devices manufactured by
Intel and sold by Intel or its authorized distributors.  Please
refer to the applicable agreement for further details.



+---------------------------------------------------------------------------+
; Analysis & Synthesis Summary                                              ;
+-----------------------------+---------------------------------------------+
; Analysis & Synthesis Status ; Failed - Mon Sep 08 11:02:28 2025           ;
; Quartus Prime Version       ; 18.1.0 Build 625 09/12/2018 SJ Lite Edition ;
; Revision Name               ; nios_assembly                               ;
; Top-level Entity Name       ; nios_assembly                               ;
; Family                      ; Cyclone V                                   ;
; Logic utilization (in ALMs) ; N/A until Partition Merge                   ;
; Total registers             ; N/A until Partition Merge                   ;
; Total pins                  ; N/A until Partition Merge                   ;
; Total virtual pins          ; N/A until Partition Merge                   ;
; Total block memory bits     ; N/A until Partition Merge                   ;
; Total PLLs                  ; N/A until Partition Merge                   ;
; Total DLLs                  ; N/A until Partition Merge                   ;
+-----------------------------+---------------------------------------------+


+---------------------------------------------------------------------------------------------------------------------------+
; Analysis & Synthesis Settings                                                                                             ;
+---------------------------------------------------------------------------------+--------------------+--------------------+
; Option                                                                          ; Setting            ; Default Value      ;
+---------------------------------------------------------------------------------+--------------------+--------------------+
; Device                                                                          ; 5CSEMA5F31C6       ;                    ;
; Top-level entity name                                                           ; nios_assembly      ; nios_assembly      ;
; Family name                                                                     ; Cyclone V          ; Cyclone V          ;
; Use smart compilation                                                           ; Off                ; Off                ;
; Enable parallel Assembler and Timing Analyzer during compilation                ; On                 ; On                 ;
; Enable compact report table                                                     ; Off                ; Off                ;
; Restructure Multiplexers                                                        ; Auto               ; Auto               ;
; MLAB Add Timing Constraints For Mixed-Port Feed-Through Mode Setting Don't Care ; Off                ; Off                ;
; Create Debugging Nodes for IP Cores                                             ; Off                ; Off                ;
; Preserve fewer node names                                                       ; On                 ; On                 ;
; Intel FPGA IP Evaluation Mode                                                   ; Enable             ; Enable             ;
; Verilog Version                                                                 ; Verilog_2001       ; Verilog_2001       ;
; VHDL Version                                                                    ; VHDL_1993          ; VHDL_1993          ;
; State Machine Processing                                                        ; Auto               ; Auto               ;
; Safe State Machine                                                              ; Off                ; Off                ;
; Extract Verilog State Machines                                                  ; On                 ; On                 ;
; Extract VHDL State Machines                                                     ; On                 ; On                 ;
; Ignore Verilog initial constructs                                               ; Off                ; Off                ;
; Iteration limit for constant Verilog loops                                      ; 5000               ; 5000               ;
; Iteration limit for non-constant Verilog loops                                  ; 250                ; 250                ;
; Add Pass-Through Logic to Inferred RAMs                                         ; On                 ; On                 ;
; Infer RAMs from Raw Logic                                                       ; On                 ; On                 ;
; Parallel Synthesis                                                              ; On                 ; On                 ;
; DSP Block Balancing                                                             ; Auto               ; Auto               ;
; NOT Gate Push-Back                                                              ; On                 ; On                 ;
; Power-Up Don't Care                                                             ; On                 ; On                 ;
; Remove Redundant Logic Cells                                                    ; Off                ; Off                ;
; Remove Duplicate Registers                                                      ; On                 ; On                 ;
; Ignore CARRY Buffers                                                            ; Off                ; Off                ;
; Ignore CASCADE Buffers                                                          ; Off                ; Off                ;
; Ignore GLOBAL Buffers                                                           ; Off                ; Off                ;
; Ignore ROW GLOBAL Buffers                                                       ; Off                ; Off                ;
; Ignore LCELL Buffers                                                            ; Off                ; Off                ;
; Ignore SOFT Buffers                                                             ; On                 ; On                 ;
; Limit AHDL Integers to 32 Bits                                                  ; Off                ; Off                ;
; Optimization Technique                                                          ; Balanced           ; Balanced           ;
; Carry Chain Length                                                              ; 70                 ; 70                 ;
; Auto Carry Chains                                                               ; On                 ; On                 ;
; Auto Open-Drain Pins                                                            ; On                 ; On                 ;
; Perform WYSIWYG Primitive Resynthesis                                           ; Off                ; Off                ;
; Auto ROM Replacement                                                            ; On                 ; On                 ;
; Auto RAM Replacement                                                            ; On                 ; On                 ;
; Auto DSP Block Replacement                                                      ; On                 ; On                 ;
; Auto Shift Register Replacement                                                 ; Auto               ; Auto               ;
; Allow Shift Register Merging across Hierarchies                                 ; Auto               ; Auto               ;
; Auto Clock Enable Replacement                                                   ; On                 ; On                 ;
; Strict RAM Replacement                                                          ; Off                ; Off                ;
; Allow Synchronous Control Signals                                               ; On                 ; On                 ;
; Force Use of Synchronous Clear Signals                                          ; Off                ; Off                ;
; Auto Resource Sharing                                                           ; Off                ; Off                ;
; Allow Any RAM Size For Recognition                                              ; Off                ; Off                ;
; Allow Any ROM Size For Recognition                                              ; Off                ; Off                ;
; Allow Any Shift Register Size For Recognition                                   ; Off                ; Off                ;
; Use LogicLock Constraints during Resource Balancing                             ; On                 ; On                 ;
; Ignore translate_off and synthesis_off directives                               ; Off                ; Off                ;
; Timing-Driven Synthesis                                                         ; On                 ; On                 ;
; Report Parameter Settings                                                       ; On                 ; On                 ;
; Report Source Assignments                                                       ; On                 ; On                 ;
; Report Connectivity Checks                                                      ; On                 ; On                 ;
; Ignore Maximum Fan-Out Assignments                                              ; Off                ; Off                ;
; Synchronization Register Chain Length                                           ; 3                  ; 3                  ;
; Power Optimization During Synthesis                                             ; Normal compilation ; Normal compilation ;
; HDL message level                                                               ; Level2             ; Level2             ;
; Suppress Register Optimization Related Messages                                 ; Off                ; Off                ;
; Number of Removed Registers Reported in Synthesis Report                        ; 5000               ; 5000               ;
; Number of Swept Nodes Reported in Synthesis Report                              ; 5000               ; 5000               ;
; Number of Inverted Registers Reported in Synthesis Report                       ; 100                ; 100                ;
; Clock MUX Protection                                                            ; On                 ; On                 ;
; Auto Gated Clock Conversion                                                     ; Off                ; Off                ;
; Block Design Naming                                                             ; Auto               ; Auto               ;
; SDC constraint protection                                                       ; Off                ; Off                ;
; Synthesis Effort                                                                ; Auto               ; Auto               ;
; Shift Register Replacement - Allow Asynchronous Clear Signal                    ; On                 ; On                 ;
; Pre-Mapping Resynthesis Optimization                                            ; Off                ; Off                ;
; Analysis & Synthesis Message Level                                              ; Medium             ; Medium             ;
; Disable Register Merging Across Hierarchies                                     ; Auto               ; Auto               ;
; Resource Aware Inference For Block RAM                                          ; On                 ; On                 ;
; Automatic Parallel Synthesis                                                    ; On                 ; On                 ;
; Partial Reconfiguration Bitstream ID                                            ; Off                ; Off                ;
+---------------------------------------------------------------------------------+--------------------+--------------------+


+------------------------------------------+
; Parallel Compilation                     ;
+----------------------------+-------------+
; Processors                 ; Number      ;
+----------------------------+-------------+
; Number detected on machine ; 16          ;
; Maximum allowed            ; 16          ;
;                            ;             ;
; Average used               ; 1.00        ;
; Maximum used               ; 1           ;
;                            ;             ;
; Usage by Processor         ; % Time Used ;
;     Processor 1            ; 100.0%      ;
+----------------------------+-------------+


+-------------------------------+
; Analysis & Synthesis Messages ;
+-------------------------------+
Info: *******************************************************************
Info: Running Quartus Prime Analysis & Synthesis
    Info: Version 18.1.0 Build 625 09/12/2018 SJ Lite Edition
    Info: Processing started: Mon Sep 08 11:01:57 2025
Info: Command: quartus_map --read_settings_files=on --write_settings_files=off nios_assembly -c nios_assembly
Warning (18236): Number of processors has not been specified which may cause overloading on shared machines.  Set the global assignment NUM_PARALLEL_PROCESSORS in your QSF to an appropriate value for best performance.
Info (20030): Parallel compilation is enabled and will use 16 of the 16 processors detected
Info (12248): Elaborating Platform Designer system entity "nios_system.qsys"
Info (12250): 2025.09.08.11:02:08 Progress: Loading Lab2/nios_system.qsys
Info (12250): 2025.09.08.11:02:09 Progress: Reading input file
Info (12250): 2025.09.08.11:02:09 Progress: Adding clk_0 [clock_source 18.1]
Info (12250): 2025.09.08.11:02:09 Progress: Parameterizing module clk_0
Info (12250): 2025.09.08.11:02:09 Progress: Adding hex0 [altera_avalon_pio 18.1]
Info (12250): 2025.09.08.11:02:09 Progress: Parameterizing module hex0
Info (12250): 2025.09.08.11:02:09 Progress: Adding jtag_uart_0 [altera_avalon_jtag_uart 18.1]
Info (12250): 2025.09.08.11:02:09 Progress: Parameterizing module jtag_uart_0
Info (12250): 2025.09.08.11:02:09 Progress: Adding nios2_gen2_0 [altera_nios2_gen2 18.1]
Info (12250): 2025.09.08.11:02:09 Progress: Parameterizing module nios2_gen2_0
Info (12250): 2025.09.08.11:02:09 Progress: Adding onchip_memory2_0 [altera_avalon_onchip_memory2 18.1]
Info (12250): 2025.09.08.11:02:09 Progress: Parameterizing module onchip_memory2_0
Info (12250): 2025.09.08.11:02:09 Progress: Adding pushbuttons [altera_avalon_pio 18.1]
Info (12250): 2025.09.08.11:02:09 Progress: Parameterizing module pushbuttons
Info (12250): 2025.09.08.11:02:09 Progress: Adding switches [altera_avalon_pio 18.1]
Info (12250): 2025.09.08.11:02:09 Progress: Parameterizing module switches
Info (12250): 2025.09.08.11:02:09 Progress: Adding sysid_qsys_0 [altera_avalon_sysid_qsys 18.1]
Info (12250): 2025.09.08.11:02:10 Progress: Parameterizing module sysid_qsys_0
Info (12250): 2025.09.08.11:02:10 Progress: Building connections
Info (12250): 2025.09.08.11:02:10 Progress: Parameterizing connections
Info (12250): 2025.09.08.11:02:10 Progress: Validating
Info (12250): 2025.09.08.11:02:10 Progress: Done reading input file
Info (12250): Nios_system.jtag_uart_0: JTAG UART IP input clock need to be at least double (2x) the operating frequency of JTAG TCK on board
Info (12250): Nios_system.pushbuttons: PIO inputs are not hardwired in test bench. Undefined values will be read from PIO inputs during simulation.
Info (12250): Nios_system.switches: PIO inputs are not hardwired in test bench. Undefined values will be read from PIO inputs during simulation.
Info (12250): Nios_system.sysid_qsys_0: System ID is not assigned automatically. Edit the System ID parameter to provide a unique ID
Info (12250): Nios_system.sysid_qsys_0: Time stamp will be automatically updated when this component is generated.
Warning (12251): Nios_system.pushbuttons: pushbuttons.external_connection must be exported, or connected to a matching conduit.
Info (12250): Nios_system: Generating nios_system "nios_system" for QUARTUS_SYNTH
Info (12250): Hex0: Starting RTL generation for module 'nios_system_hex0'
Info (12250): Hex0:   Generation command is [exec C:/intelfpga_lite/18.1/quartus/bin64/perl/bin/perl.exe -I C:/intelfpga_lite/18.1/quartus/bin64/perl/lib -I C:/intelfpga_lite/18.1/quartus/sopc_builder/bin/europa -I C:/intelfpga_lite/18.1/quartus/sopc_builder/bin/perl_lib -I C:/intelfpga_lite/18.1/quartus/sopc_builder/bin -I C:/intelfpga_lite/18.1/quartus/../ip/altera/sopc_builder_ip/common -I C:/intelfpga_lite/18.1/quartus/../ip/altera/sopc_builder_ip/altera_avalon_pio -- C:/intelfpga_lite/18.1/quartus/../ip/altera/sopc_builder_ip/altera_avalon_pio/generate_rtl.pl --name=nios_system_hex0 --dir=C:/Users/tjeff/AppData/Local/Temp/alt0339_8022933730311594834.dir/0002_hex0_gen/ --quartus_dir=C:/intelfpga_lite/18.1/quartus --verilog --config=C:/Users/tjeff/AppData/Local/Temp/alt0339_8022933730311594834.dir/0002_hex0_gen//nios_system_hex0_component_configuration.pl  --do_build_sim=0  ]
Info (12250): Hex0: Done RTL generation for module 'nios_system_hex0'
Info (12250): Hex0: "nios_system" instantiated altera_avalon_pio "hex0"
Info (12250): Jtag_uart_0: Starting RTL generation for module 'nios_system_jtag_uart_0'
Info (12250): Jtag_uart_0:   Generation command is [exec C:/intelfpga_lite/18.1/quartus/bin64/perl/bin/perl.exe -I C:/intelfpga_lite/18.1/quartus/bin64/perl/lib -I C:/intelfpga_lite/18.1/quartus/sopc_builder/bin/europa -I C:/intelfpga_lite/18.1/quartus/sopc_builder/bin/perl_lib -I C:/intelfpga_lite/18.1/quartus/sopc_builder/bin -I C:/intelfpga_lite/18.1/quartus/../ip/altera/sopc_builder_ip/common -I C:/intelfpga_lite/18.1/quartus/../ip/altera/sopc_builder_ip/altera_avalon_jtag_uart -- C:/intelfpga_lite/18.1/quartus/../ip/altera/sopc_builder_ip/altera_avalon_jtag_uart/generate_rtl.pl --name=nios_system_jtag_uart_0 --dir=C:/Users/tjeff/AppData/Local/Temp/alt0339_8022933730311594834.dir/0003_jtag_uart_0_gen/ --quartus_dir=C:/intelfpga_lite/18.1/quartus --verilog --config=C:/Users/tjeff/AppData/Local/Temp/alt0339_8022933730311594834.dir/0003_jtag_uart_0_gen//nios_system_jtag_uart_0_component_configuration.pl  --do_build_sim=0  ]
Info (12250): Jtag_uart_0: Done RTL generation for module 'nios_system_jtag_uart_0'
Info (12250): Jtag_uart_0: "nios_system" instantiated altera_avalon_jtag_uart "jtag_uart_0"
Info (12250): Nios2_gen2_0: "nios_system" instantiated altera_nios2_gen2 "nios2_gen2_0"
Info (12250): Onchip_memory2_0: Starting RTL generation for module 'nios_system_onchip_memory2_0'
Info (12250): Onchip_memory2_0:   Generation command is [exec C:/intelfpga_lite/18.1/quartus/bin64/perl/bin/perl.exe -I C:/intelfpga_lite/18.1/quartus/bin64/perl/lib -I C:/intelfpga_lite/18.1/quartus/sopc_builder/bin/europa -I C:/intelfpga_lite/18.1/quartus/sopc_builder/bin/perl_lib -I C:/intelfpga_lite/18.1/quartus/sopc_builder/bin -I C:/intelfpga_lite/18.1/quartus/../ip/altera/sopc_builder_ip/common -I C:/intelfpga_lite/18.1/quartus/../ip/altera/sopc_builder_ip/altera_avalon_onchip_memory2 -- C:/intelfpga_lite/18.1/quartus/../ip/altera/sopc_builder_ip/altera_avalon_onchip_memory2/generate_rtl.pl --name=nios_system_onchip_memory2_0 --dir=C:/Users/tjeff/AppData/Local/Temp/alt0339_8022933730311594834.dir/0004_onchip_memory2_0_gen/ --quartus_dir=C:/intelfpga_lite/18.1/quartus --verilog --config=C:/Users/tjeff/AppData/Local/Temp/alt0339_8022933730311594834.dir/0004_onchip_memory2_0_gen//nios_system_onchip_memory2_0_component_configuration.pl  --do_build_sim=0  ]
Info (12250): Onchip_memory2_0: Done RTL generation for module 'nios_system_onchip_memory2_0'
Info (12250): Onchip_memory2_0: "nios_system" instantiated altera_avalon_onchip_memory2 "onchip_memory2_0"
Info (12250): Pushbuttons: Starting RTL generation for module 'nios_system_pushbuttons'
Info (12250): Pushbuttons:   Generation command is [exec C:/intelfpga_lite/18.1/quartus/bin64/perl/bin/perl.exe -I C:/intelfpga_lite/18.1/quartus/bin64/perl/lib -I C:/intelfpga_lite/18.1/quartus/sopc_builder/bin/europa -I C:/intelfpga_lite/18.1/quartus/sopc_builder/bin/perl_lib -I C:/intelfpga_lite/18.1/quartus/sopc_builder/bin -I C:/intelfpga_lite/18.1/quartus/../ip/altera/sopc_builder_ip/common -I C:/intelfpga_lite/18.1/quartus/../ip/altera/sopc_builder_ip/altera_avalon_pio -- C:/intelfpga_lite/18.1/quartus/../ip/altera/sopc_builder_ip/altera_avalon_pio/generate_rtl.pl --name=nios_system_pushbuttons --dir=C:/Users/tjeff/AppData/Local/Temp/alt0339_8022933730311594834.dir/0005_pushbuttons_gen/ --quartus_dir=C:/intelfpga_lite/18.1/quartus --verilog --config=C:/Users/tjeff/AppData/Local/Temp/alt0339_8022933730311594834.dir/0005_pushbuttons_gen//nios_system_pushbuttons_component_configuration.pl  --do_build_sim=0  ]
Info (12250): Pushbuttons: Done RTL generation for module 'nios_system_pushbuttons'
Info (12250): Pushbuttons: "nios_system" instantiated altera_avalon_pio "pushbuttons"
Info (12250): Switches: Starting RTL generation for module 'nios_system_switches'
Info (12250): Switches:   Generation command is [exec C:/intelfpga_lite/18.1/quartus/bin64/perl/bin/perl.exe -I C:/intelfpga_lite/18.1/quartus/bin64/perl/lib -I C:/intelfpga_lite/18.1/quartus/sopc_builder/bin/europa -I C:/intelfpga_lite/18.1/quartus/sopc_builder/bin/perl_lib -I C:/intelfpga_lite/18.1/quartus/sopc_builder/bin -I C:/intelfpga_lite/18.1/quartus/../ip/altera/sopc_builder_ip/common -I C:/intelfpga_lite/18.1/quartus/../ip/altera/sopc_builder_ip/altera_avalon_pio -- C:/intelfpga_lite/18.1/quartus/../ip/altera/sopc_builder_ip/altera_avalon_pio/generate_rtl.pl --name=nios_system_switches --dir=C:/Users/tjeff/AppData/Local/Temp/alt0339_8022933730311594834.dir/0006_switches_gen/ --quartus_dir=C:/intelfpga_lite/18.1/quartus --verilog --config=C:/Users/tjeff/AppData/Local/Temp/alt0339_8022933730311594834.dir/0006_switches_gen//nios_system_switches_component_configuration.pl  --do_build_sim=0  ]
Info (12250): Switches: Done RTL generation for module 'nios_system_switches'
Info (12250): Switches: "nios_system" instantiated altera_avalon_pio "switches"
Info (12250): Sysid_qsys_0: "nios_system" instantiated altera_avalon_sysid_qsys "sysid_qsys_0"
Info (12250): Avalon_st_adapter: Inserting error_adapter: error_adapter_0
Info (12250): Avalon_st_adapter_001: Inserting error_adapter: error_adapter_0
Info (12250): Avalon_st_adapter_002: Inserting error_adapter: error_adapter_0
Info (12250): Avalon_st_adapter_003: Inserting error_adapter: error_adapter_0
Info (12250): Avalon_st_adapter_004: Inserting error_adapter: error_adapter_0
Info (12250): Avalon_st_adapter_005: Inserting error_adapter: error_adapter_0
Info (12250): Avalon_st_adapter_006: Inserting error_adapter: error_adapter_0
Info (12250): Mm_interconnect_0: "nios_system" instantiated altera_mm_interconnect "mm_interconnect_0"
Info (12250): Irq_mapper: "nios_system" instantiated altera_irq_mapper "irq_mapper"
Info (12250): Rst_controller: "nios_system" instantiated altera_reset_controller "rst_controller"
Info (12250): Cpu: Starting RTL generation for module 'nios_system_nios2_gen2_0_cpu'
Info (12250): Cpu:   Generation command is [exec C:/intelFPGA_lite/18.1/quartus/bin64//eperlcmd.exe -I C:/intelFPGA_lite/18.1/quartus/bin64//perl/lib -I C:/intelfpga_lite/18.1/quartus/sopc_builder/bin/europa -I C:/intelfpga_lite/18.1/quartus/sopc_builder/bin/perl_lib -I C:/intelfpga_lite/18.1/quartus/sopc_builder/bin -I C:/intelfpga_lite/18.1/quartus/../ip/altera/nios2_ip/altera_nios2_gen2/cpu_lib -I C:/intelfpga_lite/18.1/quartus/../ip/altera/nios2_ip/altera_nios2_gen2/nios_lib -I C:/intelfpga_lite/18.1/quartus/../ip/altera/nios2_ip/altera_nios2_gen2 -I C:/intelfpga_lite/18.1/quartus/../ip/altera/nios2_ip/altera_nios2_gen2 -- C:/intelfpga_lite/18.1/quartus/../ip/altera/nios2_ip/altera_nios2_gen2/generate_rtl.epl --name=nios_system_nios2_gen2_0_cpu --dir=C:/Users/tjeff/AppData/Local/Temp/alt0339_8022933730311594834.dir/0010_cpu_gen/ --quartus_bindir=C:/intelFPGA_lite/18.1/quartus/bin64/ --verilog --config=C:/Users/tjeff/AppData/Local/Temp/alt0339_8022933730311594834.dir/0010_cpu_gen//nios_system_nios2_gen2_0_cpu_processor_configuration.pl  --do_build_sim=0  ]
Info (12250): Cpu: # 2025.09.08 11:02:24 (*) Starting Nios II generation
Info (12250): Cpu: # 2025.09.08 11:02:24 (*)   Checking for plaintext license.
Info (12250): Cpu: # 2025.09.08 11:02:24 (*)   Couldn't query license setup in Quartus directory C:/intelFPGA_lite/18.1/quartus/bin64/
Info (12250): Cpu: # 2025.09.08 11:02:24 (*)   Defaulting to contents of LM_LICENSE_FILE environment variable
Info (12250): Cpu: # 2025.09.08 11:02:24 (*)   LM_LICENSE_FILE environment variable is empty
Info (12250): Cpu: # 2025.09.08 11:02:24 (*)   Plaintext license not found.
Info (12250): Cpu: # 2025.09.08 11:02:24 (*)   No license required to generate encrypted Nios II/e.
Info (12250): Cpu: # 2025.09.08 11:02:24 (*)   Elaborating CPU configuration settings
Info (12250): Cpu: # 2025.09.08 11:02:24 (*)   Creating all objects for CPU
Info (12250): Cpu: # 2025.09.08 11:02:25 (*)   Generating RTL from CPU objects
Info (12250): Cpu: # 2025.09.08 11:02:25 (*)   Creating plain-text RTL
Info (12250): Cpu: # 2025.09.08 11:02:25 (*) Done Nios II generation
Info (12250): Cpu: Done RTL generation for module 'nios_system_nios2_gen2_0_cpu'
Info (12250): Cpu: "nios2_gen2_0" instantiated altera_nios2_gen2_unit "cpu"
Info (12250): Nios2_gen2_0_data_master_translator: "mm_interconnect_0" instantiated altera_merlin_master_translator "nios2_gen2_0_data_master_translator"
Info (12250): Jtag_uart_0_avalon_jtag_slave_translator: "mm_interconnect_0" instantiated altera_merlin_slave_translator "jtag_uart_0_avalon_jtag_slave_translator"
Info (12250): Nios2_gen2_0_data_master_agent: "mm_interconnect_0" instantiated altera_merlin_master_agent "nios2_gen2_0_data_master_agent"
Info (12250): Jtag_uart_0_avalon_jtag_slave_agent: "mm_interconnect_0" instantiated altera_merlin_slave_agent "jtag_uart_0_avalon_jtag_slave_agent"
Info (12250): Jtag_uart_0_avalon_jtag_slave_agent_rsp_fifo: "mm_interconnect_0" instantiated altera_avalon_sc_fifo "jtag_uart_0_avalon_jtag_slave_agent_rsp_fifo"
Info (12250): Router: "mm_interconnect_0" instantiated altera_merlin_router "router"
Info (12250): Router_001: "mm_interconnect_0" instantiated altera_merlin_router "router_001"
Info (12250): Router_002: "mm_interconnect_0" instantiated altera_merlin_router "router_002"
Info (12250): Router_004: "mm_interconnect_0" instantiated altera_merlin_router "router_004"
Info (12250): Cmd_demux: "mm_interconnect_0" instantiated altera_merlin_demultiplexer "cmd_demux"
Info (12250): Cmd_demux_001: "mm_interconnect_0" instantiated altera_merlin_demultiplexer "cmd_demux_001"
Info (12250): Cmd_mux: "mm_interconnect_0" instantiated altera_merlin_multiplexer "cmd_mux"
Info (12250): Cmd_mux_002: "mm_interconnect_0" instantiated altera_merlin_multiplexer "cmd_mux_002"
Info (12250): Reusing file C:/Users/tjeff/Documents/RIT/RIT2025-26/0 CPET561/Labs/Lab2/db/ip/nios_system/submodules/altera_merlin_arbitrator.sv
Info (12250): Rsp_demux: "mm_interconnect_0" instantiated altera_merlin_demultiplexer "rsp_demux"
Info (12250): Rsp_mux: "mm_interconnect_0" instantiated altera_merlin_multiplexer "rsp_mux"
Info (12250): Reusing file C:/Users/tjeff/Documents/RIT/RIT2025-26/0 CPET561/Labs/Lab2/db/ip/nios_system/submodules/altera_merlin_arbitrator.sv
Info (12250): Rsp_mux_001: "mm_interconnect_0" instantiated altera_merlin_multiplexer "rsp_mux_001"
Info (12250): Reusing file C:/Users/tjeff/Documents/RIT/RIT2025-26/0 CPET561/Labs/Lab2/db/ip/nios_system/submodules/altera_merlin_arbitrator.sv
Info (12250): Avalon_st_adapter: "mm_interconnect_0" instantiated altera_avalon_st_adapter "avalon_st_adapter"
Info (12250): Error_adapter_0: "avalon_st_adapter" instantiated error_adapter "error_adapter_0"
Info (12250): Nios_system: Done "nios_system" with 30 modules, 43 files
Info (12249): Finished elaborating Platform Designer system entity "nios_system.qsys"
Info (12021): Found 1 design units, including 1 entities, in source file db/ip/nios_system/nios_system.v
    Info (12023): Found entity 1: nios_system File: C:/Users/tjeff/Documents/RIT/RIT2025-26/0 CPET561/Labs/Lab2/db/ip/nios_system/nios_system.v Line: 6
Info (12021): Found 1 design units, including 1 entities, in source file db/ip/nios_system/submodules/altera_avalon_sc_fifo.v
    Info (12023): Found entity 1: altera_avalon_sc_fifo File: C:/Users/tjeff/Documents/RIT/RIT2025-26/0 CPET561/Labs/Lab2/db/ip/nios_system/submodules/altera_avalon_sc_fifo.v Line: 21
Info (12021): Found 2 design units, including 2 entities, in source file db/ip/nios_system/submodules/altera_merlin_arbitrator.sv
    Info (12023): Found entity 1: altera_merlin_arbitrator File: C:/Users/tjeff/Documents/RIT/RIT2025-26/0 CPET561/Labs/Lab2/db/ip/nios_system/submodules/altera_merlin_arbitrator.sv Line: 103
    Info (12023): Found entity 2: altera_merlin_arb_adder File: C:/Users/tjeff/Documents/RIT/RIT2025-26/0 CPET561/Labs/Lab2/db/ip/nios_system/submodules/altera_merlin_arbitrator.sv Line: 228
Info (12021): Found 1 design units, including 1 entities, in source file db/ip/nios_system/submodules/altera_merlin_burst_uncompressor.sv
    Info (12023): Found entity 1: altera_merlin_burst_uncompressor File: C:/Users/tjeff/Documents/RIT/RIT2025-26/0 CPET561/Labs/Lab2/db/ip/nios_system/submodules/altera_merlin_burst_uncompressor.sv Line: 40
Info (12021): Found 1 design units, including 1 entities, in source file db/ip/nios_system/submodules/altera_merlin_master_agent.sv
    Info (12023): Found entity 1: altera_merlin_master_agent File: C:/Users/tjeff/Documents/RIT/RIT2025-26/0 CPET561/Labs/Lab2/db/ip/nios_system/submodules/altera_merlin_master_agent.sv Line: 28
Info (12021): Found 1 design units, including 1 entities, in source file db/ip/nios_system/submodules/altera_merlin_master_translator.sv
    Info (12023): Found entity 1: altera_merlin_master_translator File: C:/Users/tjeff/Documents/RIT/RIT2025-26/0 CPET561/Labs/Lab2/db/ip/nios_system/submodules/altera_merlin_master_translator.sv Line: 32
Info (12021): Found 1 design units, including 1 entities, in source file db/ip/nios_system/submodules/altera_merlin_slave_agent.sv
    Info (12023): Found entity 1: altera_merlin_slave_agent File: C:/Users/tjeff/Documents/RIT/RIT2025-26/0 CPET561/Labs/Lab2/db/ip/nios_system/submodules/altera_merlin_slave_agent.sv Line: 34
Info (12021): Found 1 design units, including 1 entities, in source file db/ip/nios_system/submodules/altera_merlin_slave_translator.sv
    Info (12023): Found entity 1: altera_merlin_slave_translator File: C:/Users/tjeff/Documents/RIT/RIT2025-26/0 CPET561/Labs/Lab2/db/ip/nios_system/submodules/altera_merlin_slave_translator.sv Line: 35
Info (12021): Found 1 design units, including 1 entities, in source file db/ip/nios_system/submodules/altera_reset_controller.v
    Info (12023): Found entity 1: altera_reset_controller File: C:/Users/tjeff/Documents/RIT/RIT2025-26/0 CPET561/Labs/Lab2/db/ip/nios_system/submodules/altera_reset_controller.v Line: 42
Info (12021): Found 1 design units, including 1 entities, in source file db/ip/nios_system/submodules/altera_reset_synchronizer.v
    Info (12023): Found entity 1: altera_reset_synchronizer File: C:/Users/tjeff/Documents/RIT/RIT2025-26/0 CPET561/Labs/Lab2/db/ip/nios_system/submodules/altera_reset_synchronizer.v Line: 24
Info (12021): Found 1 design units, including 1 entities, in source file db/ip/nios_system/submodules/nios_system_hex0.v
    Info (12023): Found entity 1: nios_system_hex0 File: C:/Users/tjeff/Documents/RIT/RIT2025-26/0 CPET561/Labs/Lab2/db/ip/nios_system/submodules/nios_system_hex0.v Line: 21
Info (12021): Found 1 design units, including 1 entities, in source file db/ip/nios_system/submodules/nios_system_irq_mapper.sv
    Info (12023): Found entity 1: nios_system_irq_mapper File: C:/Users/tjeff/Documents/RIT/RIT2025-26/0 CPET561/Labs/Lab2/db/ip/nios_system/submodules/nios_system_irq_mapper.sv Line: 31
Info (12021): Found 5 design units, including 5 entities, in source file db/ip/nios_system/submodules/nios_system_jtag_uart_0.v
    Info (12023): Found entity 1: nios_system_jtag_uart_0_sim_scfifo_w File: C:/Users/tjeff/Documents/RIT/RIT2025-26/0 CPET561/Labs/Lab2/db/ip/nios_system/submodules/nios_system_jtag_uart_0.v Line: 21
    Info (12023): Found entity 2: nios_system_jtag_uart_0_scfifo_w File: C:/Users/tjeff/Documents/RIT/RIT2025-26/0 CPET561/Labs/Lab2/db/ip/nios_system/submodules/nios_system_jtag_uart_0.v Line: 78
    Info (12023): Found entity 3: nios_system_jtag_uart_0_sim_scfifo_r File: C:/Users/tjeff/Documents/RIT/RIT2025-26/0 CPET561/Labs/Lab2/db/ip/nios_system/submodules/nios_system_jtag_uart_0.v Line: 164
    Info (12023): Found entity 4: nios_system_jtag_uart_0_scfifo_r File: C:/Users/tjeff/Documents/RIT/RIT2025-26/0 CPET561/Labs/Lab2/db/ip/nios_system/submodules/nios_system_jtag_uart_0.v Line: 243
    Info (12023): Found entity 5: nios_system_jtag_uart_0 File: C:/Users/tjeff/Documents/RIT/RIT2025-26/0 CPET561/Labs/Lab2/db/ip/nios_system/submodules/nios_system_jtag_uart_0.v Line: 331
Info (12021): Found 1 design units, including 1 entities, in source file db/ip/nios_system/submodules/nios_system_mm_interconnect_0.v
    Info (12023): Found entity 1: nios_system_mm_interconnect_0 File: C:/Users/tjeff/Documents/RIT/RIT2025-26/0 CPET561/Labs/Lab2/db/ip/nios_system/submodules/nios_system_mm_interconnect_0.v Line: 9
Info (12021): Found 1 design units, including 1 entities, in source file db/ip/nios_system/submodules/nios_system_mm_interconnect_0_avalon_st_adapter.v
    Info (12023): Found entity 1: nios_system_mm_interconnect_0_avalon_st_adapter File: C:/Users/tjeff/Documents/RIT/RIT2025-26/0 CPET561/Labs/Lab2/db/ip/nios_system/submodules/nios_system_mm_interconnect_0_avalon_st_adapter.v Line: 9
Info (12021): Found 1 design units, including 1 entities, in source file db/ip/nios_system/submodules/nios_system_mm_interconnect_0_avalon_st_adapter_error_adapter_0.sv
    Info (12023): Found entity 1: nios_system_mm_interconnect_0_avalon_st_adapter_error_adapter_0 File: C:/Users/tjeff/Documents/RIT/RIT2025-26/0 CPET561/Labs/Lab2/db/ip/nios_system/submodules/nios_system_mm_interconnect_0_avalon_st_adapter_error_adapter_0.sv Line: 66
Info (12021): Found 1 design units, including 1 entities, in source file db/ip/nios_system/submodules/nios_system_mm_interconnect_0_cmd_demux.sv
    Info (12023): Found entity 1: nios_system_mm_interconnect_0_cmd_demux File: C:/Users/tjeff/Documents/RIT/RIT2025-26/0 CPET561/Labs/Lab2/db/ip/nios_system/submodules/nios_system_mm_interconnect_0_cmd_demux.sv Line: 43
Info (12021): Found 1 design units, including 1 entities, in source file db/ip/nios_system/submodules/nios_system_mm_interconnect_0_cmd_demux_001.sv
    Info (12023): Found entity 1: nios_system_mm_interconnect_0_cmd_demux_001 File: C:/Users/tjeff/Documents/RIT/RIT2025-26/0 CPET561/Labs/Lab2/db/ip/nios_system/submodules/nios_system_mm_interconnect_0_cmd_demux_001.sv Line: 43
Info (12021): Found 1 design units, including 1 entities, in source file db/ip/nios_system/submodules/nios_system_mm_interconnect_0_cmd_mux.sv
    Info (12023): Found entity 1: nios_system_mm_interconnect_0_cmd_mux File: C:/Users/tjeff/Documents/RIT/RIT2025-26/0 CPET561/Labs/Lab2/db/ip/nios_system/submodules/nios_system_mm_interconnect_0_cmd_mux.sv Line: 51
Info (12021): Found 1 design units, including 1 entities, in source file db/ip/nios_system/submodules/nios_system_mm_interconnect_0_cmd_mux_002.sv
    Info (12023): Found entity 1: nios_system_mm_interconnect_0_cmd_mux_002 File: C:/Users/tjeff/Documents/RIT/RIT2025-26/0 CPET561/Labs/Lab2/db/ip/nios_system/submodules/nios_system_mm_interconnect_0_cmd_mux_002.sv Line: 51
Info (12021): Found 2 design units, including 2 entities, in source file db/ip/nios_system/submodules/nios_system_mm_interconnect_0_router.sv
    Info (12023): Found entity 1: nios_system_mm_interconnect_0_router_default_decode File: C:/Users/tjeff/Documents/RIT/RIT2025-26/0 CPET561/Labs/Lab2/db/ip/nios_system/submodules/nios_system_mm_interconnect_0_router.sv Line: 45
    Info (12023): Found entity 2: nios_system_mm_interconnect_0_router File: C:/Users/tjeff/Documents/RIT/RIT2025-26/0 CPET561/Labs/Lab2/db/ip/nios_system/submodules/nios_system_mm_interconnect_0_router.sv Line: 84
Info (12021): Found 2 design units, including 2 entities, in source file db/ip/nios_system/submodules/nios_system_mm_interconnect_0_router_001.sv
    Info (12023): Found entity 1: nios_system_mm_interconnect_0_router_001_default_decode File: C:/Users/tjeff/Documents/RIT/RIT2025-26/0 CPET561/Labs/Lab2/db/ip/nios_system/submodules/nios_system_mm_interconnect_0_router_001.sv Line: 45
    Info (12023): Found entity 2: nios_system_mm_interconnect_0_router_001 File: C:/Users/tjeff/Documents/RIT/RIT2025-26/0 CPET561/Labs/Lab2/db/ip/nios_system/submodules/nios_system_mm_interconnect_0_router_001.sv Line: 84
Info (12021): Found 2 design units, including 2 entities, in source file db/ip/nios_system/submodules/nios_system_mm_interconnect_0_router_002.sv
    Info (12023): Found entity 1: nios_system_mm_interconnect_0_router_002_default_decode File: C:/Users/tjeff/Documents/RIT/RIT2025-26/0 CPET561/Labs/Lab2/db/ip/nios_system/submodules/nios_system_mm_interconnect_0_router_002.sv Line: 45
    Info (12023): Found entity 2: nios_system_mm_interconnect_0_router_002 File: C:/Users/tjeff/Documents/RIT/RIT2025-26/0 CPET561/Labs/Lab2/db/ip/nios_system/submodules/nios_system_mm_interconnect_0_router_002.sv Line: 84
Info (12021): Found 2 design units, including 2 entities, in source file db/ip/nios_system/submodules/nios_system_mm_interconnect_0_router_004.sv
    Info (12023): Found entity 1: nios_system_mm_interconnect_0_router_004_default_decode File: C:/Users/tjeff/Documents/RIT/RIT2025-26/0 CPET561/Labs/Lab2/db/ip/nios_system/submodules/nios_system_mm_interconnect_0_router_004.sv Line: 45
    Info (12023): Found entity 2: nios_system_mm_interconnect_0_router_004 File: C:/Users/tjeff/Documents/RIT/RIT2025-26/0 CPET561/Labs/Lab2/db/ip/nios_system/submodules/nios_system_mm_interconnect_0_router_004.sv Line: 84
Info (12021): Found 1 design units, including 1 entities, in source file db/ip/nios_system/submodules/nios_system_mm_interconnect_0_rsp_demux.sv
    Info (12023): Found entity 1: nios_system_mm_interconnect_0_rsp_demux File: C:/Users/tjeff/Documents/RIT/RIT2025-26/0 CPET561/Labs/Lab2/db/ip/nios_system/submodules/nios_system_mm_interconnect_0_rsp_demux.sv Line: 43
Info (12021): Found 1 design units, including 1 entities, in source file db/ip/nios_system/submodules/nios_system_mm_interconnect_0_rsp_mux.sv
    Info (12023): Found entity 1: nios_system_mm_interconnect_0_rsp_mux File: C:/Users/tjeff/Documents/RIT/RIT2025-26/0 CPET561/Labs/Lab2/db/ip/nios_system/submodules/nios_system_mm_interconnect_0_rsp_mux.sv Line: 51
Info (12021): Found 1 design units, including 1 entities, in source file db/ip/nios_system/submodules/nios_system_mm_interconnect_0_rsp_mux_001.sv
    Info (12023): Found entity 1: nios_system_mm_interconnect_0_rsp_mux_001 File: C:/Users/tjeff/Documents/RIT/RIT2025-26/0 CPET561/Labs/Lab2/db/ip/nios_system/submodules/nios_system_mm_interconnect_0_rsp_mux_001.sv Line: 51
Info (12021): Found 1 design units, including 1 entities, in source file db/ip/nios_system/submodules/nios_system_nios2_gen2_0.v
    Info (12023): Found entity 1: nios_system_nios2_gen2_0 File: C:/Users/tjeff/Documents/RIT/RIT2025-26/0 CPET561/Labs/Lab2/db/ip/nios_system/submodules/nios_system_nios2_gen2_0.v Line: 9
Info (12021): Found 21 design units, including 21 entities, in source file db/ip/nios_system/submodules/nios_system_nios2_gen2_0_cpu.v
    Info (12023): Found entity 1: nios_system_nios2_gen2_0_cpu_register_bank_a_module File: C:/Users/tjeff/Documents/RIT/RIT2025-26/0 CPET561/Labs/Lab2/db/ip/nios_system/submodules/nios_system_nios2_gen2_0_cpu.v Line: 21
    Info (12023): Found entity 2: nios_system_nios2_gen2_0_cpu_register_bank_b_module File: C:/Users/tjeff/Documents/RIT/RIT2025-26/0 CPET561/Labs/Lab2/db/ip/nios_system/submodules/nios_system_nios2_gen2_0_cpu.v Line: 87
    Info (12023): Found entity 3: nios_system_nios2_gen2_0_cpu_nios2_oci_debug File: C:/Users/tjeff/Documents/RIT/RIT2025-26/0 CPET561/Labs/Lab2/db/ip/nios_system/submodules/nios_system_nios2_gen2_0_cpu.v Line: 153
    Info (12023): Found entity 4: nios_system_nios2_gen2_0_cpu_nios2_oci_break File: C:/Users/tjeff/Documents/RIT/RIT2025-26/0 CPET561/Labs/Lab2/db/ip/nios_system/submodules/nios_system_nios2_gen2_0_cpu.v Line: 295
    Info (12023): Found entity 5: nios_system_nios2_gen2_0_cpu_nios2_oci_xbrk File: C:/Users/tjeff/Documents/RIT/RIT2025-26/0 CPET561/Labs/Lab2/db/ip/nios_system/submodules/nios_system_nios2_gen2_0_cpu.v Line: 588
    Info (12023): Found entity 6: nios_system_nios2_gen2_0_cpu_nios2_oci_dbrk File: C:/Users/tjeff/Documents/RIT/RIT2025-26/0 CPET561/Labs/Lab2/db/ip/nios_system/submodules/nios_system_nios2_gen2_0_cpu.v Line: 795
    Info (12023): Found entity 7: nios_system_nios2_gen2_0_cpu_nios2_oci_itrace File: C:/Users/tjeff/Documents/RIT/RIT2025-26/0 CPET561/Labs/Lab2/db/ip/nios_system/submodules/nios_system_nios2_gen2_0_cpu.v Line: 982
    Info (12023): Found entity 8: nios_system_nios2_gen2_0_cpu_nios2_oci_td_mode File: C:/Users/tjeff/Documents/RIT/RIT2025-26/0 CPET561/Labs/Lab2/db/ip/nios_system/submodules/nios_system_nios2_gen2_0_cpu.v Line: 1115
    Info (12023): Found entity 9: nios_system_nios2_gen2_0_cpu_nios2_oci_dtrace File: C:/Users/tjeff/Documents/RIT/RIT2025-26/0 CPET561/Labs/Lab2/db/ip/nios_system/submodules/nios_system_nios2_gen2_0_cpu.v Line: 1183
    Info (12023): Found entity 10: nios_system_nios2_gen2_0_cpu_nios2_oci_compute_input_tm_cnt File: C:/Users/tjeff/Documents/RIT/RIT2025-26/0 CPET561/Labs/Lab2/db/ip/nios_system/submodules/nios_system_nios2_gen2_0_cpu.v Line: 1265
    Info (12023): Found entity 11: nios_system_nios2_gen2_0_cpu_nios2_oci_fifo_wrptr_inc File: C:/Users/tjeff/Documents/RIT/RIT2025-26/0 CPET561/Labs/Lab2/db/ip/nios_system/submodules/nios_system_nios2_gen2_0_cpu.v Line: 1337
    Info (12023): Found entity 12: nios_system_nios2_gen2_0_cpu_nios2_oci_fifo_cnt_inc File: C:/Users/tjeff/Documents/RIT/RIT2025-26/0 CPET561/Labs/Lab2/db/ip/nios_system/submodules/nios_system_nios2_gen2_0_cpu.v Line: 1380
    Info (12023): Found entity 13: nios_system_nios2_gen2_0_cpu_nios2_oci_fifo File: C:/Users/tjeff/Documents/RIT/RIT2025-26/0 CPET561/Labs/Lab2/db/ip/nios_system/submodules/nios_system_nios2_gen2_0_cpu.v Line: 1427
    Info (12023): Found entity 14: nios_system_nios2_gen2_0_cpu_nios2_oci_pib File: C:/Users/tjeff/Documents/RIT/RIT2025-26/0 CPET561/Labs/Lab2/db/ip/nios_system/submodules/nios_system_nios2_gen2_0_cpu.v Line: 1913
    Info (12023): Found entity 15: nios_system_nios2_gen2_0_cpu_nios2_oci_im File: C:/Users/tjeff/Documents/RIT/RIT2025-26/0 CPET561/Labs/Lab2/db/ip/nios_system/submodules/nios_system_nios2_gen2_0_cpu.v Line: 1936
    Info (12023): Found entity 16: nios_system_nios2_gen2_0_cpu_nios2_performance_monitors File: C:/Users/tjeff/Documents/RIT/RIT2025-26/0 CPET561/Labs/Lab2/db/ip/nios_system/submodules/nios_system_nios2_gen2_0_cpu.v Line: 2006
    Info (12023): Found entity 17: nios_system_nios2_gen2_0_cpu_nios2_avalon_reg File: C:/Users/tjeff/Documents/RIT/RIT2025-26/0 CPET561/Labs/Lab2/db/ip/nios_system/submodules/nios_system_nios2_gen2_0_cpu.v Line: 2023
    Info (12023): Found entity 18: nios_system_nios2_gen2_0_cpu_ociram_sp_ram_module File: C:/Users/tjeff/Documents/RIT/RIT2025-26/0 CPET561/Labs/Lab2/db/ip/nios_system/submodules/nios_system_nios2_gen2_0_cpu.v Line: 2116
    Info (12023): Found entity 19: nios_system_nios2_gen2_0_cpu_nios2_ocimem File: C:/Users/tjeff/Documents/RIT/RIT2025-26/0 CPET561/Labs/Lab2/db/ip/nios_system/submodules/nios_system_nios2_gen2_0_cpu.v Line: 2181
    Info (12023): Found entity 20: nios_system_nios2_gen2_0_cpu_nios2_oci File: C:/Users/tjeff/Documents/RIT/RIT2025-26/0 CPET561/Labs/Lab2/db/ip/nios_system/submodules/nios_system_nios2_gen2_0_cpu.v Line: 2362
    Info (12023): Found entity 21: nios_system_nios2_gen2_0_cpu File: C:/Users/tjeff/Documents/RIT/RIT2025-26/0 CPET561/Labs/Lab2/db/ip/nios_system/submodules/nios_system_nios2_gen2_0_cpu.v Line: 2834
Info (12021): Found 1 design units, including 1 entities, in source file db/ip/nios_system/submodules/nios_system_nios2_gen2_0_cpu_debug_slave_sysclk.v
    Info (12023): Found entity 1: nios_system_nios2_gen2_0_cpu_debug_slave_sysclk File: C:/Users/tjeff/Documents/RIT/RIT2025-26/0 CPET561/Labs/Lab2/db/ip/nios_system/submodules/nios_system_nios2_gen2_0_cpu_debug_slave_sysclk.v Line: 21
Info (12021): Found 1 design units, including 1 entities, in source file db/ip/nios_system/submodules/nios_system_nios2_gen2_0_cpu_debug_slave_tck.v
    Info (12023): Found entity 1: nios_system_nios2_gen2_0_cpu_debug_slave_tck File: C:/Users/tjeff/Documents/RIT/RIT2025-26/0 CPET561/Labs/Lab2/db/ip/nios_system/submodules/nios_system_nios2_gen2_0_cpu_debug_slave_tck.v Line: 21
Info (12021): Found 1 design units, including 1 entities, in source file db/ip/nios_system/submodules/nios_system_nios2_gen2_0_cpu_debug_slave_wrapper.v
    Info (12023): Found entity 1: nios_system_nios2_gen2_0_cpu_debug_slave_wrapper File: C:/Users/tjeff/Documents/RIT/RIT2025-26/0 CPET561/Labs/Lab2/db/ip/nios_system/submodules/nios_system_nios2_gen2_0_cpu_debug_slave_wrapper.v Line: 21
Info (12021): Found 1 design units, including 1 entities, in source file db/ip/nios_system/submodules/nios_system_nios2_gen2_0_cpu_test_bench.v
    Info (12023): Found entity 1: nios_system_nios2_gen2_0_cpu_test_bench File: C:/Users/tjeff/Documents/RIT/RIT2025-26/0 CPET561/Labs/Lab2/db/ip/nios_system/submodules/nios_system_nios2_gen2_0_cpu_test_bench.v Line: 21
Info (12021): Found 1 design units, including 1 entities, in source file db/ip/nios_system/submodules/nios_system_onchip_memory2_0.v
    Info (12023): Found entity 1: nios_system_onchip_memory2_0 File: C:/Users/tjeff/Documents/RIT/RIT2025-26/0 CPET561/Labs/Lab2/db/ip/nios_system/submodules/nios_system_onchip_memory2_0.v Line: 21
Info (12021): Found 1 design units, including 1 entities, in source file db/ip/nios_system/submodules/nios_system_pushbuttons.v
    Info (12023): Found entity 1: nios_system_pushbuttons File: C:/Users/tjeff/Documents/RIT/RIT2025-26/0 CPET561/Labs/Lab2/db/ip/nios_system/submodules/nios_system_pushbuttons.v Line: 21
Info (12021): Found 1 design units, including 1 entities, in source file db/ip/nios_system/submodules/nios_system_switches.v
    Info (12023): Found entity 1: nios_system_switches File: C:/Users/tjeff/Documents/RIT/RIT2025-26/0 CPET561/Labs/Lab2/db/ip/nios_system/submodules/nios_system_switches.v Line: 21
Info (12021): Found 1 design units, including 1 entities, in source file db/ip/nios_system/submodules/nios_system_sysid_qsys_0.v
    Info (12023): Found entity 1: nios_system_sysid_qsys_0 File: C:/Users/tjeff/Documents/RIT/RIT2025-26/0 CPET561/Labs/Lab2/db/ip/nios_system/submodules/nios_system_sysid_qsys_0.v Line: 34
Error (12007): Top-level design entity "nios_assembly" is undefined
Info (144001): Generated suppressed messages file C:/Users/tjeff/Documents/RIT/RIT2025-26/0 CPET561/Labs/Lab2/output_files/nios_assembly.map.smsg
Error: Quartus Prime Analysis & Synthesis was unsuccessful. 1 error, 2 warnings
    Error: Peak virtual memory: 4791 megabytes
    Error: Processing ended: Mon Sep 08 11:02:28 2025
    Error: Elapsed time: 00:00:31
    Error: Total CPU time (on all processors): 00:00:57


+------------------------------------------+
; Analysis & Synthesis Suppressed Messages ;
+------------------------------------------+
The suppressed messages can be found in C:/Users/tjeff/Documents/RIT/RIT2025-26/0 CPET561/Labs/Lab2/output_files/nios_assembly.map.smsg.


